TN:
SF:src\components\ing-confirmation-dialog.js
FN:5,<static_initializer>
FN:117,IngConfirmationDialog
FN:135,show
FN:148,hide
FN:152,_onConfirm
FN:160,_onCancel
FN:168,render
FNF:7
FNH:3
FNDA:2,<static_initializer>
FNDA:13,IngConfirmationDialog
FNDA:0,show
FNDA:0,hide
FNDA:0,_onConfirm
FNDA:0,_onCancel
FNDA:13,render
DA:1,2
DA:2,2
DA:3,2
DA:4,2
DA:5,2
DA:6,2
DA:7,2
DA:8,2
DA:9,2
DA:10,2
DA:11,2
DA:12,2
DA:13,2
DA:14,2
DA:15,2
DA:16,2
DA:17,2
DA:18,2
DA:19,2
DA:20,2
DA:21,2
DA:22,2
DA:23,2
DA:24,2
DA:25,2
DA:26,2
DA:27,2
DA:28,2
DA:29,2
DA:30,2
DA:31,2
DA:32,2
DA:33,2
DA:34,2
DA:35,2
DA:36,2
DA:37,2
DA:38,2
DA:39,2
DA:40,2
DA:41,2
DA:42,2
DA:43,2
DA:44,2
DA:45,2
DA:46,2
DA:47,2
DA:48,2
DA:49,2
DA:50,2
DA:51,2
DA:52,2
DA:53,2
DA:54,2
DA:55,2
DA:56,2
DA:57,2
DA:58,2
DA:59,2
DA:60,2
DA:61,2
DA:62,2
DA:63,2
DA:64,2
DA:65,2
DA:66,2
DA:67,2
DA:68,2
DA:69,2
DA:70,2
DA:71,2
DA:72,2
DA:73,2
DA:74,2
DA:75,2
DA:76,2
DA:77,2
DA:78,2
DA:79,2
DA:80,2
DA:81,2
DA:82,2
DA:83,2
DA:84,2
DA:85,2
DA:86,2
DA:87,2
DA:88,2
DA:89,2
DA:90,2
DA:91,2
DA:92,2
DA:93,2
DA:94,2
DA:95,2
DA:96,2
DA:97,2
DA:98,2
DA:99,2
DA:100,2
DA:101,2
DA:102,2
DA:103,2
DA:104,2
DA:105,2
DA:106,2
DA:107,2
DA:108,2
DA:109,2
DA:110,2
DA:111,2
DA:112,2
DA:113,2
DA:114,2
DA:115,2
DA:116,2
DA:117,2
DA:118,13
DA:119,13
DA:120,13
DA:121,13
DA:122,13
DA:123,13
DA:124,13
DA:125,2
DA:126,2
DA:127,2
DA:128,2
DA:129,2
DA:130,2
DA:131,2
DA:132,2
DA:133,2
DA:134,2
DA:135,2
DA:136,0
DA:137,0
DA:138,0
DA:139,0
DA:140,0
DA:141,0
DA:142,0
DA:143,0
DA:144,0
DA:145,0
DA:146,0
DA:147,2
DA:148,2
DA:149,0
DA:150,0
DA:151,2
DA:152,2
DA:153,0
DA:154,0
DA:155,0
DA:156,0
DA:157,0
DA:158,0
DA:159,2
DA:160,2
DA:161,0
DA:162,0
DA:163,0
DA:164,0
DA:165,0
DA:166,0
DA:167,2
DA:168,2
DA:169,13
DA:170,13
DA:171,13
DA:172,13
DA:173,13
DA:174,13
DA:175,13
DA:176,13
DA:177,13
DA:178,13
DA:179,13
DA:180,13
DA:181,13
DA:182,13
DA:183,13
DA:184,13
DA:185,13
DA:186,13
DA:187,2
DA:188,2
DA:189,2
LF:189
LH:164
BRDA:1,0,0,2
BRDA:5,1,0,2
BRDA:117,2,0,13
BRDA:168,3,0,13
BRF:4
BRH:4
end_of_record
TN:
SF:src\components\ing-employee-form.js
FN:9,<static_initializer>
FN:216,IngEmployeeForm
FN:223,_getEmptyEmployee
FN:236,connectedCallback
FN:241,_checkEditMode
FN:261,getPathname
FN:265,_handleInputChange
FN:283,_handleSubmit
FN:312,_handleCancel
FN:316,render
FNF:10
FNH:9
FNDA:1,<static_initializer>
FNDA:7,IngEmployeeForm
FNDA:7,_getEmptyEmployee
FNDA:7,connectedCallback
FNDA:8,_checkEditMode
FNDA:7,getPathname
FNDA:1,_handleInputChange
FNDA:1,_handleSubmit
FNDA:0,_handleCancel
FNDA:10,render
DA:1,1
DA:2,1
DA:3,1
DA:4,1
DA:5,1
DA:6,1
DA:7,1
DA:8,1
DA:9,1
DA:10,1
DA:11,1
DA:12,1
DA:13,1
DA:14,1
DA:15,1
DA:16,1
DA:17,1
DA:18,1
DA:19,1
DA:20,1
DA:21,1
DA:22,1
DA:23,1
DA:24,1
DA:25,1
DA:26,1
DA:27,1
DA:28,1
DA:29,1
DA:30,1
DA:31,1
DA:32,1
DA:33,1
DA:34,1
DA:35,1
DA:36,1
DA:37,1
DA:38,1
DA:39,1
DA:40,1
DA:41,1
DA:42,1
DA:43,1
DA:44,1
DA:45,1
DA:46,1
DA:47,1
DA:48,1
DA:49,1
DA:50,1
DA:51,1
DA:52,1
DA:53,1
DA:54,1
DA:55,1
DA:56,1
DA:57,1
DA:58,1
DA:59,1
DA:60,1
DA:61,1
DA:62,1
DA:63,1
DA:64,1
DA:65,1
DA:66,1
DA:67,1
DA:68,1
DA:69,1
DA:70,1
DA:71,1
DA:72,1
DA:73,1
DA:74,1
DA:75,1
DA:76,1
DA:77,1
DA:78,1
DA:79,1
DA:80,1
DA:81,1
DA:82,1
DA:83,1
DA:84,1
DA:85,1
DA:86,1
DA:87,1
DA:88,1
DA:89,1
DA:90,1
DA:91,1
DA:92,1
DA:93,1
DA:94,1
DA:95,1
DA:96,1
DA:97,1
DA:98,1
DA:99,1
DA:100,1
DA:101,1
DA:102,1
DA:103,1
DA:104,1
DA:105,1
DA:106,1
DA:107,1
DA:108,1
DA:109,1
DA:110,1
DA:111,1
DA:112,1
DA:113,1
DA:114,1
DA:115,1
DA:116,1
DA:117,1
DA:118,1
DA:119,1
DA:120,1
DA:121,1
DA:122,1
DA:123,1
DA:124,1
DA:125,1
DA:126,1
DA:127,1
DA:128,1
DA:129,1
DA:130,1
DA:131,1
DA:132,1
DA:133,1
DA:134,1
DA:135,1
DA:136,1
DA:137,1
DA:138,1
DA:139,1
DA:140,1
DA:141,1
DA:142,1
DA:143,1
DA:144,1
DA:145,1
DA:146,1
DA:147,1
DA:148,1
DA:149,1
DA:150,1
DA:151,1
DA:152,1
DA:153,1
DA:154,1
DA:155,1
DA:156,1
DA:157,1
DA:158,1
DA:159,1
DA:160,1
DA:161,1
DA:162,1
DA:163,1
DA:164,1
DA:165,1
DA:166,1
DA:167,1
DA:168,1
DA:169,1
DA:170,1
DA:171,1
DA:172,1
DA:173,1
DA:174,1
DA:175,1
DA:176,1
DA:177,1
DA:178,1
DA:179,1
DA:180,1
DA:181,1
DA:182,1
DA:183,1
DA:184,1
DA:185,1
DA:186,1
DA:187,1
DA:188,1
DA:189,1
DA:190,1
DA:191,1
DA:192,1
DA:193,1
DA:194,1
DA:195,1
DA:196,1
DA:197,1
DA:198,1
DA:199,1
DA:200,1
DA:201,1
DA:202,1
DA:203,1
DA:204,1
DA:205,1
DA:206,1
DA:207,1
DA:208,1
DA:209,1
DA:210,1
DA:211,1
DA:212,1
DA:213,1
DA:214,1
DA:215,1
DA:216,1
DA:217,7
DA:218,7
DA:219,7
DA:220,7
DA:221,7
DA:222,1
DA:223,1
DA:224,7
DA:225,7
DA:226,7
DA:227,7
DA:228,7
DA:229,7
DA:230,7
DA:231,7
DA:232,7
DA:233,7
DA:234,7
DA:235,1
DA:236,1
DA:237,7
DA:238,7
DA:239,7
DA:240,1
DA:241,1
DA:242,8
DA:243,8
DA:244,8
DA:245,8
DA:246,8
DA:247,0
DA:248,0
DA:249,0
DA:250,0
DA:251,0
DA:252,0
DA:253,0
DA:254,0
DA:255,0
DA:256,0
DA:257,0
DA:258,8
DA:259,1
DA:260,1
DA:261,1
DA:262,7
DA:263,7
DA:264,1
DA:265,1
DA:266,1
DA:267,1
DA:268,1
DA:269,1
DA:270,1
DA:271,1
DA:272,1
DA:273,1
DA:274,1
DA:275,1
DA:276,0
DA:277,0
DA:278,0
DA:279,0
DA:280,0
DA:281,1
DA:282,1
DA:283,1
DA:284,1
DA:285,1
DA:286,1
DA:287,1
DA:288,1
DA:289,1
DA:290,1
DA:291,1
DA:292,1
DA:293,0
DA:294,0
DA:295,0
DA:296,0
DA:297,0
DA:298,0
DA:299,0
DA:300,0
DA:301,0
DA:302,0
DA:303,0
DA:304,0
DA:305,0
DA:306,0
DA:307,0
DA:308,0
DA:309,0
DA:310,1
DA:311,1
DA:312,1
DA:313,0
DA:314,0
DA:315,1
DA:316,1
DA:317,10
DA:318,10
DA:319,10
DA:320,10
DA:321,10
DA:322,10
DA:323,10
DA:324,10
DA:325,10
DA:326,10
DA:327,10
DA:328,10
DA:329,10
DA:330,10
DA:331,10
DA:332,10
DA:333,10
DA:334,10
DA:335,1
DA:336,1
DA:337,1
DA:338,1
DA:339,10
DA:340,10
DA:341,10
DA:342,10
DA:343,10
DA:344,10
DA:345,10
DA:346,10
DA:347,10
DA:348,10
DA:349,10
DA:350,10
DA:351,10
DA:352,10
DA:353,10
DA:354,1
DA:355,1
DA:356,1
DA:357,1
DA:358,10
DA:359,10
DA:360,10
DA:361,10
DA:362,10
DA:363,10
DA:364,10
DA:365,10
DA:366,10
DA:367,10
DA:368,10
DA:369,10
DA:370,10
DA:371,10
DA:372,10
DA:373,10
DA:374,10
DA:375,10
DA:376,1
DA:377,1
DA:378,1
DA:379,1
DA:380,10
DA:381,10
DA:382,10
DA:383,10
DA:384,10
DA:385,10
DA:386,10
DA:387,10
DA:388,10
DA:389,10
DA:390,10
DA:391,10
DA:392,10
DA:393,10
DA:394,10
DA:395,10
DA:396,1
DA:397,1
DA:398,1
DA:399,1
DA:400,10
DA:401,10
DA:402,10
DA:403,10
DA:404,10
DA:405,10
DA:406,10
DA:407,10
DA:408,10
DA:409,10
DA:410,10
DA:411,10
DA:412,10
DA:413,10
DA:414,10
DA:415,10
DA:416,10
DA:417,1
DA:418,1
DA:419,1
DA:420,1
DA:421,10
DA:422,10
DA:423,10
DA:424,10
DA:425,10
DA:426,10
DA:427,10
DA:428,10
DA:429,10
DA:430,10
DA:431,10
DA:432,10
DA:433,10
DA:434,10
DA:435,10
DA:436,1
DA:437,1
DA:438,1
DA:439,1
DA:440,10
DA:441,10
DA:442,10
DA:443,10
DA:444,10
DA:445,10
DA:446,10
DA:447,10
DA:448,10
DA:449,10
DA:450,10
DA:451,10
DA:452,10
DA:453,10
DA:454,10
DA:455,10
DA:456,10
DA:457,10
DA:458,10
DA:459,1
DA:460,1
DA:461,1
DA:462,1
DA:463,10
DA:464,10
DA:465,10
DA:466,10
DA:467,10
DA:468,10
DA:469,10
DA:470,10
DA:471,10
DA:472,10
DA:473,10
DA:474,10
DA:475,10
DA:476,10
DA:477,10
DA:478,10
DA:479,10
DA:480,10
DA:481,1
DA:482,1
DA:483,1
DA:484,1
DA:485,10
DA:486,10
DA:487,10
DA:488,10
DA:489,10
DA:490,10
DA:491,10
DA:492,10
DA:493,10
DA:494,10
DA:495,10
DA:496,10
DA:497,10
DA:498,10
DA:499,10
DA:500,10
DA:501,10
DA:502,10
DA:503,10
DA:504,10
DA:505,1
DA:506,1
DA:507,1
LF:507
LH:472
BRDA:1,0,0,1
BRDA:9,1,0,1
BRDA:216,2,0,7
BRDA:223,3,0,7
BRDA:236,4,0,7
BRDA:241,5,0,8
BRDA:246,6,0,0
BRDA:246,7,0,0
BRDA:261,8,0,7
BRDA:265,9,0,1
BRDA:275,10,0,0
BRDA:283,11,0,1
BRDA:293,12,0,0
BRDA:316,13,0,10
BRDA:319,14,0,1
BRDA:319,15,0,9
BRDA:332,16,0,1
BRDA:332,17,0,9
BRDA:334,18,0,1
BRDA:339,19,0,9
BRDA:351,20,0,1
BRDA:351,21,0,9
BRDA:353,22,0,1
BRDA:358,23,0,9
BRDA:371,24,0,1
BRDA:371,25,0,9
BRDA:375,26,0,1
BRDA:380,27,0,9
BRDA:391,28,0,1
BRDA:391,29,0,9
BRDA:395,30,0,1
BRDA:400,31,0,9
BRDA:414,32,0,1
BRDA:414,33,0,9
BRDA:416,34,0,1
BRDA:421,35,0,9
BRDA:433,36,0,1
BRDA:433,37,0,9
BRDA:435,38,0,1
BRDA:440,39,0,9
BRDA:452,40,0,1
BRDA:452,41,0,9
BRDA:458,42,0,1
BRDA:463,43,0,9
BRDA:473,44,0,1
BRDA:473,45,0,9
BRDA:480,46,0,1
BRDA:485,47,0,9
BRF:48
BRH:44
end_of_record
TN:
SF:src\components\ing-employee-list.js
FN:8,<static_initializer>
FN:485,IngEmployeeList
FN:500,connectedCallback
FN:507,disconnectedCallback
FN:515,_handleStoreUpdate
FN:520,_filterEmployees
FN:538,_handleDelete
FN:549,_handleEdit
FN:553,_handleSearchInput
FN:558,_handleViewModeChange
FN:562,_handlePageChange
FN:566,_handleItemsPerPageChange
FN:571,_getPaginatedEmployees
FN:577,_getTotalPages
FN:581,_renderPageButtons
FN:635,_changePage
FN:639,_renderTableView
FN:709,_renderCardView
FN:758,_handleSelectAll
FN:769,_handleEmployeeSelect
FN:779,_renderPagination
FN:842,render
FNF:22
FNH:13
FNDA:1,<static_initializer>
FNDA:6,IngEmployeeList
FNDA:6,connectedCallback
FNDA:6,disconnectedCallback
FNDA:6,_handleStoreUpdate
FNDA:6,_filterEmployees
FNDA:0,_handleDelete
FNDA:0,_handleEdit
FNDA:0,_handleSearchInput
FNDA:2,_handleViewModeChange
FNDA:0,_handlePageChange
FNDA:0,_handleItemsPerPageChange
FNDA:8,_getPaginatedEmployees
FNDA:0,_getTotalPages
FNDA:8,_renderPageButtons
FNDA:0,_changePage
FNDA:7,_renderTableView
FNDA:1,_renderCardView
FNDA:0,_handleSelectAll
FNDA:0,_handleEmployeeSelect
FNDA:8,_renderPagination
FNDA:8,render
DA:1,1
DA:2,1
DA:3,1
DA:4,1
DA:5,1
DA:6,1
DA:7,1
DA:8,1
DA:9,1
DA:10,1
DA:11,1
DA:12,1
DA:13,1
DA:14,1
DA:15,1
DA:16,1
DA:17,1
DA:18,1
DA:19,1
DA:20,1
DA:21,1
DA:22,1
DA:23,1
DA:24,1
DA:25,1
DA:26,1
DA:27,1
DA:28,1
DA:29,1
DA:30,1
DA:31,1
DA:32,1
DA:33,1
DA:34,1
DA:35,1
DA:36,1
DA:37,1
DA:38,1
DA:39,1
DA:40,1
DA:41,1
DA:42,1
DA:43,1
DA:44,1
DA:45,1
DA:46,1
DA:47,1
DA:48,1
DA:49,1
DA:50,1
DA:51,1
DA:52,1
DA:53,1
DA:54,1
DA:55,1
DA:56,1
DA:57,1
DA:58,1
DA:59,1
DA:60,1
DA:61,1
DA:62,1
DA:63,1
DA:64,1
DA:65,1
DA:66,1
DA:67,1
DA:68,1
DA:69,1
DA:70,1
DA:71,1
DA:72,1
DA:73,1
DA:74,1
DA:75,1
DA:76,1
DA:77,1
DA:78,1
DA:79,1
DA:80,1
DA:81,1
DA:82,1
DA:83,1
DA:84,1
DA:85,1
DA:86,1
DA:87,1
DA:88,1
DA:89,1
DA:90,1
DA:91,1
DA:92,1
DA:93,1
DA:94,1
DA:95,1
DA:96,1
DA:97,1
DA:98,1
DA:99,1
DA:100,1
DA:101,1
DA:102,1
DA:103,1
DA:104,1
DA:105,1
DA:106,1
DA:107,1
DA:108,1
DA:109,1
DA:110,1
DA:111,1
DA:112,1
DA:113,1
DA:114,1
DA:115,1
DA:116,1
DA:117,1
DA:118,1
DA:119,1
DA:120,1
DA:121,1
DA:122,1
DA:123,1
DA:124,1
DA:125,1
DA:126,1
DA:127,1
DA:128,1
DA:129,1
DA:130,1
DA:131,1
DA:132,1
DA:133,1
DA:134,1
DA:135,1
DA:136,1
DA:137,1
DA:138,1
DA:139,1
DA:140,1
DA:141,1
DA:142,1
DA:143,1
DA:144,1
DA:145,1
DA:146,1
DA:147,1
DA:148,1
DA:149,1
DA:150,1
DA:151,1
DA:152,1
DA:153,1
DA:154,1
DA:155,1
DA:156,1
DA:157,1
DA:158,1
DA:159,1
DA:160,1
DA:161,1
DA:162,1
DA:163,1
DA:164,1
DA:165,1
DA:166,1
DA:167,1
DA:168,1
DA:169,1
DA:170,1
DA:171,1
DA:172,1
DA:173,1
DA:174,1
DA:175,1
DA:176,1
DA:177,1
DA:178,1
DA:179,1
DA:180,1
DA:181,1
DA:182,1
DA:183,1
DA:184,1
DA:185,1
DA:186,1
DA:187,1
DA:188,1
DA:189,1
DA:190,1
DA:191,1
DA:192,1
DA:193,1
DA:194,1
DA:195,1
DA:196,1
DA:197,1
DA:198,1
DA:199,1
DA:200,1
DA:201,1
DA:202,1
DA:203,1
DA:204,1
DA:205,1
DA:206,1
DA:207,1
DA:208,1
DA:209,1
DA:210,1
DA:211,1
DA:212,1
DA:213,1
DA:214,1
DA:215,1
DA:216,1
DA:217,1
DA:218,1
DA:219,1
DA:220,1
DA:221,1
DA:222,1
DA:223,1
DA:224,1
DA:225,1
DA:226,1
DA:227,1
DA:228,1
DA:229,1
DA:230,1
DA:231,1
DA:232,1
DA:233,1
DA:234,1
DA:235,1
DA:236,1
DA:237,1
DA:238,1
DA:239,1
DA:240,1
DA:241,1
DA:242,1
DA:243,1
DA:244,1
DA:245,1
DA:246,1
DA:247,1
DA:248,1
DA:249,1
DA:250,1
DA:251,1
DA:252,1
DA:253,1
DA:254,1
DA:255,1
DA:256,1
DA:257,1
DA:258,1
DA:259,1
DA:260,1
DA:261,1
DA:262,1
DA:263,1
DA:264,1
DA:265,1
DA:266,1
DA:267,1
DA:268,1
DA:269,1
DA:270,1
DA:271,1
DA:272,1
DA:273,1
DA:274,1
DA:275,1
DA:276,1
DA:277,1
DA:278,1
DA:279,1
DA:280,1
DA:281,1
DA:282,1
DA:283,1
DA:284,1
DA:285,1
DA:286,1
DA:287,1
DA:288,1
DA:289,1
DA:290,1
DA:291,1
DA:292,1
DA:293,1
DA:294,1
DA:295,1
DA:296,1
DA:297,1
DA:298,1
DA:299,1
DA:300,1
DA:301,1
DA:302,1
DA:303,1
DA:304,1
DA:305,1
DA:306,1
DA:307,1
DA:308,1
DA:309,1
DA:310,1
DA:311,1
DA:312,1
DA:313,1
DA:314,1
DA:315,1
DA:316,1
DA:317,1
DA:318,1
DA:319,1
DA:320,1
DA:321,1
DA:322,1
DA:323,1
DA:324,1
DA:325,1
DA:326,1
DA:327,1
DA:328,1
DA:329,1
DA:330,1
DA:331,1
DA:332,1
DA:333,1
DA:334,1
DA:335,1
DA:336,1
DA:337,1
DA:338,1
DA:339,1
DA:340,1
DA:341,1
DA:342,1
DA:343,1
DA:344,1
DA:345,1
DA:346,1
DA:347,1
DA:348,1
DA:349,1
DA:350,1
DA:351,1
DA:352,1
DA:353,1
DA:354,1
DA:355,1
DA:356,1
DA:357,1
DA:358,1
DA:359,1
DA:360,1
DA:361,1
DA:362,1
DA:363,1
DA:364,1
DA:365,1
DA:366,1
DA:367,1
DA:368,1
DA:369,1
DA:370,1
DA:371,1
DA:372,1
DA:373,1
DA:374,1
DA:375,1
DA:376,1
DA:377,1
DA:378,1
DA:379,1
DA:380,1
DA:381,1
DA:382,1
DA:383,1
DA:384,1
DA:385,1
DA:386,1
DA:387,1
DA:388,1
DA:389,1
DA:390,1
DA:391,1
DA:392,1
DA:393,1
DA:394,1
DA:395,1
DA:396,1
DA:397,1
DA:398,1
DA:399,1
DA:400,1
DA:401,1
DA:402,1
DA:403,1
DA:404,1
DA:405,1
DA:406,1
DA:407,1
DA:408,1
DA:409,1
DA:410,1
DA:411,1
DA:412,1
DA:413,1
DA:414,1
DA:415,1
DA:416,1
DA:417,1
DA:418,1
DA:419,1
DA:420,1
DA:421,1
DA:422,1
DA:423,1
DA:424,1
DA:425,1
DA:426,1
DA:427,1
DA:428,1
DA:429,1
DA:430,1
DA:431,1
DA:432,1
DA:433,1
DA:434,1
DA:435,1
DA:436,1
DA:437,1
DA:438,1
DA:439,1
DA:440,1
DA:441,1
DA:442,1
DA:443,1
DA:444,1
DA:445,1
DA:446,1
DA:447,1
DA:448,1
DA:449,1
DA:450,1
DA:451,1
DA:452,1
DA:453,1
DA:454,1
DA:455,1
DA:456,1
DA:457,1
DA:458,1
DA:459,1
DA:460,1
DA:461,1
DA:462,1
DA:463,1
DA:464,1
DA:465,1
DA:466,1
DA:467,1
DA:468,1
DA:469,1
DA:470,1
DA:471,1
DA:472,1
DA:473,1
DA:474,1
DA:475,1
DA:476,1
DA:477,1
DA:478,1
DA:479,1
DA:480,1
DA:481,1
DA:482,1
DA:483,1
DA:484,1
DA:485,1
DA:486,6
DA:487,6
DA:488,6
DA:489,6
DA:490,6
DA:491,6
DA:492,6
DA:493,6
DA:494,6
DA:495,6
DA:496,6
DA:497,6
DA:498,6
DA:499,1
DA:500,1
DA:501,6
DA:502,6
DA:503,6
DA:504,6
DA:505,6
DA:506,1
DA:507,1
DA:508,6
DA:509,6
DA:510,6
DA:511,6
DA:512,6
DA:513,6
DA:514,1
DA:515,1
DA:516,6
DA:517,6
DA:518,6
DA:519,1
DA:520,1
DA:521,6
DA:522,6
DA:523,6
DA:524,0
DA:525,0
DA:526,0
DA:527,0
DA:528,0
DA:529,0
DA:530,0
DA:531,0
DA:532,0
DA:533,6
DA:534,6
DA:535,6
DA:536,6
DA:537,1
DA:538,1
DA:539,0
DA:540,0
DA:541,0
DA:542,0
DA:543,0
DA:544,0
DA:545,0
DA:546,0
DA:547,0
DA:548,1
DA:549,1
DA:550,0
DA:551,0
DA:552,1
DA:553,1
DA:554,0
DA:555,0
DA:556,0
DA:557,1
DA:558,1
DA:559,2
DA:560,2
DA:561,1
DA:562,1
DA:563,0
DA:564,0
DA:565,1
DA:566,1
DA:567,0
DA:568,0
DA:569,0
DA:570,1
DA:571,1
DA:572,8
DA:573,8
DA:574,8
DA:575,8
DA:576,1
DA:577,1
DA:578,0
DA:579,0
DA:580,1
DA:581,1
DA:582,8
DA:583,8
DA:584,8
DA:585,8
DA:586,8
DA:587,8
DA:588,8
DA:589,0
DA:590,0
DA:591,8
DA:592,8
DA:593,8
DA:594,8
DA:595,8
DA:596,0
DA:597,0
DA:598,0
DA:599,0
DA:600,0
DA:601,0
DA:602,0
DA:603,0
DA:604,8
DA:605,8
DA:606,8
DA:607,40
DA:608,40
DA:609,40
DA:610,40
DA:611,40
DA:612,40
DA:613,40
DA:614,40
DA:615,40
DA:616,40
DA:617,40
DA:618,8
DA:619,0
DA:620,0
DA:621,0
DA:622,0
DA:623,0
DA:624,0
DA:625,0
DA:626,0
DA:627,0
DA:628,0
DA:629,0
DA:630,0
DA:631,8
DA:632,8
DA:633,8
DA:634,1
DA:635,1
DA:636,0
DA:637,0
DA:638,1
DA:639,1
DA:640,7
DA:641,7
DA:642,7
DA:643,0
DA:644,0
DA:645,7
DA:646,7
DA:647,7
DA:648,7
DA:649,7
DA:650,7
DA:651,7
DA:652,7
DA:653,7
DA:654,7
DA:655,7
DA:656,7
DA:657,7
DA:658,7
DA:659,7
DA:660,7
DA:661,7
DA:662,7
DA:663,7
DA:664,7
DA:665,7
DA:666,7
DA:667,7
DA:668,7
DA:669,7
DA:670,7
DA:671,7
DA:672,70
DA:673,70
DA:674,70
DA:675,70
DA:676,70
DA:677,70
DA:678,70
DA:679,70
DA:680,70
DA:681,70
DA:682,70
DA:683,70
DA:684,70
DA:685,70
DA:686,70
DA:687,70
DA:688,70
DA:689,70
DA:690,70
DA:691,70
DA:692,70
DA:693,70
DA:694,70
DA:695,70
DA:696,70
DA:697,70
DA:698,70
DA:699,70
DA:700,70
DA:701,7
DA:702,7
DA:703,7
DA:704,7
DA:705,7
DA:706,7
DA:707,7
DA:708,1
DA:709,1
DA:710,1
DA:711,1
DA:712,1
DA:713,0
DA:714,0
DA:715,1
DA:716,1
DA:717,1
DA:718,1
DA:719,10
DA:720,10
DA:721,10
DA:722,10
DA:723,10
DA:724,10
DA:725,10
DA:726,10
DA:727,10
DA:728,10
DA:729,10
DA:730,10
DA:731,10
DA:732,10
DA:733,10
DA:734,10
DA:735,10
DA:736,10
DA:737,10
DA:738,10
DA:739,10
DA:740,10
DA:741,10
DA:742,10
DA:743,10
DA:744,10
DA:745,10
DA:746,10
DA:747,10
DA:748,10
DA:749,10
DA:750,10
DA:751,10
DA:752,1
DA:753,1
DA:754,1
DA:755,1
DA:756,1
DA:757,1
DA:758,1
DA:759,0
DA:760,0
DA:761,0
DA:762,0
DA:763,0
DA:764,0
DA:765,0
DA:766,0
DA:767,0
DA:768,1
DA:769,1
DA:770,0
DA:771,0
DA:772,0
DA:773,0
DA:774,0
DA:775,0
DA:776,0
DA:777,0
DA:778,1
DA:779,1
DA:780,8
DA:781,8
DA:782,8
DA:783,8
DA:784,8
DA:785,8
DA:786,8
DA:787,8
DA:788,8
DA:789,8
DA:790,8
DA:791,8
DA:792,8
DA:793,8
DA:794,8
DA:795,8
DA:796,8
DA:797,8
DA:798,8
DA:799,8
DA:800,8
DA:801,8
DA:802,8
DA:803,8
DA:804,8
DA:805,8
DA:806,8
DA:807,8
DA:808,8
DA:809,8
DA:810,8
DA:811,8
DA:812,8
DA:813,8
DA:814,8
DA:815,8
DA:816,8
DA:817,8
DA:818,8
DA:819,8
DA:820,8
DA:821,8
DA:822,8
DA:823,8
DA:824,8
DA:825,8
DA:826,8
DA:827,8
DA:828,8
DA:829,8
DA:830,8
DA:831,8
DA:832,8
DA:833,8
DA:834,8
DA:835,8
DA:836,8
DA:837,8
DA:838,8
DA:839,8
DA:840,8
DA:841,1
DA:842,1
DA:843,8
DA:844,8
DA:845,8
DA:846,8
DA:847,8
DA:848,8
DA:849,8
DA:850,8
DA:851,8
DA:852,8
DA:853,8
DA:854,8
DA:855,8
DA:856,8
DA:857,8
DA:858,8
DA:859,8
DA:860,8
DA:861,8
DA:862,8
DA:863,8
DA:864,8
DA:865,8
DA:866,8
DA:867,8
DA:868,8
DA:869,8
DA:870,8
DA:871,8
DA:872,8
DA:873,8
DA:874,8
DA:875,8
DA:876,8
DA:877,8
DA:878,8
DA:879,8
DA:880,8
DA:881,8
DA:882,8
DA:883,1
DA:884,1
DA:885,1
LF:885
LH:810
BRDA:1,0,0,1
BRDA:8,1,0,1
BRDA:485,2,0,6
BRDA:500,3,0,6
BRDA:507,4,0,6
BRDA:515,5,0,6
BRDA:520,6,0,6
BRDA:523,7,0,0
BRDA:558,8,0,2
BRDA:571,9,0,8
BRDA:581,10,0,8
BRDA:588,11,0,0
BRDA:595,12,0,0
BRDA:606,13,0,40
BRDA:609,14,0,8
BRDA:609,15,0,32
BRDA:612,16,0,8
BRDA:612,17,0,32
BRDA:616,18,0,40
BRDA:618,19,0,0
BRDA:639,20,0,7
BRDA:642,21,0,0
BRDA:671,22,0,70
BRDA:709,23,0,1
BRDA:712,24,0,0
BRDA:718,25,0,10
BRDA:779,26,0,8
BRDA:781,27,0,0
BRDA:842,28,0,8
BRDA:848,29,0,7
BRDA:848,30,0,1
BRDA:856,31,0,1
BRDA:856,32,0,7
BRDA:877,33,0,7
BRDA:877,34,0,1
BRDA:849,35,0,1
BRDA:857,36,0,1
BRF:37
BRH:30
end_of_record
TN:
SF:src\components\ing-header.js
FN:5,<static_initializer>
FN:105,IngHeader
FN:109,_toggleLanguage
FN:114,render
FNF:4
FNH:3
FNDA:1,<static_initializer>
FNDA:2,IngHeader
FNDA:0,_toggleLanguage
FNDA:2,render
DA:1,1
DA:2,1
DA:3,1
DA:4,1
DA:5,1
DA:6,1
DA:7,1
DA:8,1
DA:9,1
DA:10,1
DA:11,1
DA:12,1
DA:13,1
DA:14,1
DA:15,1
DA:16,1
DA:17,1
DA:18,1
DA:19,1
DA:20,1
DA:21,1
DA:22,1
DA:23,1
DA:24,1
DA:25,1
DA:26,1
DA:27,1
DA:28,1
DA:29,1
DA:30,1
DA:31,1
DA:32,1
DA:33,1
DA:34,1
DA:35,1
DA:36,1
DA:37,1
DA:38,1
DA:39,1
DA:40,1
DA:41,1
DA:42,1
DA:43,1
DA:44,1
DA:45,1
DA:46,1
DA:47,1
DA:48,1
DA:49,1
DA:50,1
DA:51,1
DA:52,1
DA:53,1
DA:54,1
DA:55,1
DA:56,1
DA:57,1
DA:58,1
DA:59,1
DA:60,1
DA:61,1
DA:62,1
DA:63,1
DA:64,1
DA:65,1
DA:66,1
DA:67,1
DA:68,1
DA:69,1
DA:70,1
DA:71,1
DA:72,1
DA:73,1
DA:74,1
DA:75,1
DA:76,1
DA:77,1
DA:78,1
DA:79,1
DA:80,1
DA:81,1
DA:82,1
DA:83,1
DA:84,1
DA:85,1
DA:86,1
DA:87,1
DA:88,1
DA:89,1
DA:90,1
DA:91,1
DA:92,1
DA:93,1
DA:94,1
DA:95,1
DA:96,1
DA:97,1
DA:98,1
DA:99,1
DA:100,1
DA:101,1
DA:102,1
DA:103,1
DA:104,1
DA:105,1
DA:106,2
DA:107,2
DA:108,1
DA:109,1
DA:110,0
DA:111,0
DA:112,0
DA:113,1
DA:114,1
DA:115,2
DA:116,2
DA:117,2
DA:118,2
DA:119,2
DA:120,2
DA:121,2
DA:122,2
DA:123,2
DA:124,2
DA:125,2
DA:126,2
DA:127,2
DA:128,2
DA:129,2
DA:130,2
DA:131,2
DA:132,2
DA:133,2
DA:134,2
DA:135,2
DA:136,1
DA:137,1
DA:138,1
LF:138
LH:135
BRDA:1,0,0,1
BRDA:5,1,0,1
BRDA:105,2,0,2
BRDA:114,3,0,2
BRDA:128,4,0,0
BRDA:130,5,0,0
BRF:6
BRH:4
end_of_record
TN:
SF:src\i18n\i18n-service.js
FN:4,I18nService
FN:9,get language
FN:13,set language
FN:27,translate
FN:37,t
FN:46,I18nMixin
FN:55,connectedCallback
FN:60,disconnectedCallback
FN:65,_handleLanguageChanged
FN:70,t
FNF:10
FNH:7
FNDA:3,I18nService
FNDA:4,get language
FNDA:0,set language
FNDA:917,translate
FNDA:0,t
FNDA:5,I18nMixin
FNDA:28,connectedCallback
FNDA:28,disconnectedCallback
FNDA:0,_handleLanguageChanged
FNDA:917,t
DA:1,3
DA:2,3
DA:3,3
DA:4,3
DA:5,3
DA:6,3
DA:7,3
DA:8,3
DA:9,3
DA:10,4
DA:11,4
DA:12,3
DA:13,3
DA:14,0
DA:15,0
DA:16,0
DA:17,0
DA:18,0
DA:19,0
DA:20,0
DA:21,0
DA:22,0
DA:23,0
DA:24,0
DA:25,0
DA:26,3
DA:27,3
DA:28,917
DA:29,917
DA:30,0
DA:31,0
DA:32,917
DA:33,917
DA:34,917
DA:35,3
DA:36,3
DA:37,3
DA:38,0
DA:39,0
DA:40,3
DA:41,3
DA:42,3
DA:43,3
DA:44,3
DA:45,3
DA:46,3
DA:47,5
DA:48,28
DA:49,28
DA:50,28
DA:51,28
DA:52,28
DA:53,28
DA:54,5
DA:55,5
DA:56,28
DA:57,28
DA:58,28
DA:59,5
DA:60,5
DA:61,28
DA:62,28
DA:63,28
DA:64,5
DA:65,5
DA:66,0
DA:67,0
DA:68,5
DA:69,5
DA:70,5
DA:71,917
DA:72,917
DA:73,3
LF:73
LH:55
BRDA:1,0,0,3
BRDA:4,1,0,3
BRDA:27,2,0,917
BRDA:29,3,0,0
BRDA:33,4,0,151
BRDA:46,5,0,5
BRDA:47,6,0,28
BRDA:55,7,0,28
BRDA:60,8,0,28
BRDA:70,9,0,917
BRDA:9,10,0,6
BRF:11
BRH:10
end_of_record
TN:
SF:src\i18n\translations.js
FNF:0
FNH:0
DA:1,3
DA:2,3
DA:3,3
DA:4,3
DA:5,3
DA:6,3
DA:7,3
DA:8,3
DA:9,3
DA:10,3
DA:11,3
DA:12,3
DA:13,3
DA:14,3
DA:15,3
DA:16,3
DA:17,3
DA:18,3
DA:19,3
DA:20,3
DA:21,3
DA:22,3
DA:23,3
DA:24,3
DA:25,3
DA:26,3
DA:27,3
DA:28,3
DA:29,3
DA:30,3
DA:31,3
DA:32,3
DA:33,3
DA:34,3
DA:35,3
DA:36,3
DA:37,3
DA:38,3
DA:39,3
DA:40,3
DA:41,3
DA:42,3
DA:43,3
DA:44,3
DA:45,3
DA:46,3
DA:47,3
DA:48,3
DA:49,3
DA:50,3
DA:51,3
DA:52,3
DA:53,3
DA:54,3
DA:55,3
DA:56,3
DA:57,3
DA:58,3
DA:59,3
DA:60,3
DA:61,3
DA:62,3
DA:63,3
DA:64,3
DA:65,3
DA:66,3
DA:67,3
DA:68,3
DA:69,3
DA:70,3
DA:71,3
DA:72,3
DA:73,3
DA:74,3
DA:75,3
DA:76,3
DA:77,3
DA:78,3
DA:79,3
DA:80,3
DA:81,3
DA:82,3
DA:83,3
DA:84,3
DA:85,3
DA:86,3
DA:87,3
DA:88,3
DA:89,3
DA:90,3
DA:91,3
DA:92,3
DA:93,3
DA:94,3
DA:95,3
DA:96,3
DA:97,3
DA:98,3
DA:99,3
DA:100,3
DA:101,3
DA:102,3
DA:103,3
DA:104,3
DA:105,3
DA:106,3
DA:107,3
DA:108,3
DA:109,3
DA:110,3
DA:111,3
DA:112,3
DA:113,3
DA:114,3
DA:115,3
DA:116,3
DA:117,3
DA:118,3
DA:119,3
DA:120,3
DA:121,3
DA:122,3
DA:123,3
DA:124,3
DA:125,3
DA:126,3
DA:127,3
DA:128,3
DA:129,3
LF:129
LH:129
BRDA:1,0,0,3
BRF:1
BRH:1
end_of_record
TN:
SF:src\routes\router-config.js
FN:7,navigateTo
FN:11,navigateToEdit
FN:15,navigateToHome
FNF:3
FNH:3
FNDA:1,navigateTo
FNDA:1,navigateToEdit
FNDA:1,navigateToHome
DA:1,3
DA:2,3
DA:3,3
DA:4,3
DA:5,3
DA:6,3
DA:7,3
DA:8,1
DA:9,3
DA:10,3
DA:11,3
DA:12,1
DA:13,3
DA:14,3
DA:15,3
DA:16,1
DA:17,3
LF:17
LH:17
BRDA:1,0,0,3
BRDA:7,1,0,3
BRDA:11,2,0,3
BRDA:15,3,0,3
BRF:4
BRH:4
end_of_record
TN:
SF:src\services\store.js
FN:4,generateRandomDate
FN:10,generateRandomPhone
FN:19,generateRandomEmail
FN:75,addEmployee
FN:83,updateEmployee
FN:88,deleteEmployee
FN:94,employeeReducer
FN:129,getEmployeeById
FNF:8
FNH:8
FNDA:300,generateRandomDate
FNDA:150,generateRandomPhone
FNDA:150,generateRandomEmail
FNDA:5,addEmployee
FNDA:2,updateEmployee
FNDA:2,deleteEmployee
FNDA:9,employeeReducer
FNDA:2,getEmployeeById
DA:1,3
DA:2,3
DA:3,3
DA:4,300
DA:5,300
DA:6,300
DA:7,300
DA:8,300
DA:9,3
DA:10,150
DA:11,150
DA:12,150
DA:13,150
DA:14,150
DA:15,150
DA:16,150
DA:17,150
DA:18,3
DA:19,150
DA:20,150
DA:21,150
DA:22,150
DA:23,150
DA:24,3
DA:25,3
DA:26,3
DA:27,3
DA:28,3
DA:29,3
DA:30,3
DA:31,3
DA:32,3
DA:33,3
DA:34,3
DA:35,3
DA:36,3
DA:37,3
DA:38,3
DA:39,3
DA:40,3
DA:41,3
DA:42,3
DA:43,3
DA:44,3
DA:45,3
DA:46,3
DA:47,150
DA:48,150
DA:49,150
DA:50,150
DA:51,150
DA:52,150
DA:53,150
DA:54,150
DA:55,150
DA:56,150
DA:57,150
DA:58,150
DA:59,150
DA:60,150
DA:61,3
DA:62,3
DA:63,3
DA:64,3
DA:65,3
DA:66,3
DA:67,3
DA:68,3
DA:69,3
DA:70,3
DA:71,3
DA:72,3
DA:73,3
DA:74,3
DA:75,3
DA:76,5
DA:77,5
DA:78,5
DA:79,5
DA:80,5
DA:81,3
DA:82,3
DA:83,3
DA:84,2
DA:85,2
DA:86,3
DA:87,3
DA:88,3
DA:89,2
DA:90,2
DA:91,3
DA:92,3
DA:93,3
DA:94,9
DA:95,9
DA:96,9
DA:97,4
DA:98,4
DA:99,4
DA:100,4
DA:101,4
DA:102,9
DA:103,9
DA:104,1
DA:105,1
DA:106,1
DA:107,52
DA:108,1
DA:109,1
DA:110,9
DA:111,9
DA:112,1
DA:113,1
DA:114,1
DA:115,1
DA:116,9
DA:117,9
DA:118,3
DA:119,9
DA:120,9
DA:121,3
DA:122,3
DA:123,3
DA:124,3
DA:125,3
DA:126,3
DA:127,3
DA:128,3
DA:129,3
DA:130,2
DA:131,2
DA:132,3
LF:132
LH:132
BRDA:1,0,0,3
BRDA:125,1,0,0
BRDA:4,2,0,300
BRDA:10,3,0,150
BRDA:19,4,0,150
BRDA:46,5,0,150
BRDA:94,6,0,9
BRDA:96,7,0,4
BRDA:103,8,0,1
BRDA:111,9,0,1
BRDA:75,10,0,7
BRDA:83,11,0,4
BRDA:88,12,0,4
BRDA:117,13,0,3
BRDA:106,14,0,52
BRDA:107,15,0,1
BRDA:107,16,0,51
BRDA:114,17,0,53
BRDA:129,18,0,4
BRDA:131,19,0,108
BRF:20
BRH:19
end_of_record
TN:
SF:src\services\validation-service.js
FN:2,validateRequired
FN:6,validateEmail
FN:11,validatePhone
FN:25,validateEmployeeForm
FNF:4
FNH:4
FNDA:45,validateRequired
FNDA:11,validateEmail
FNDA:11,validatePhone
FNDA:5,validateEmployeeForm
DA:1,2
DA:2,2
DA:3,45
DA:4,45
DA:5,2
DA:6,2
DA:7,11
DA:8,11
DA:9,11
DA:10,2
DA:11,2
DA:12,11
DA:13,11
DA:14,11
DA:15,11
DA:16,11
DA:17,11
DA:18,11
DA:19,9
DA:20,9
DA:21,9
DA:22,9
DA:23,11
DA:24,2
DA:25,2
DA:26,5
DA:27,5
DA:28,5
DA:29,2
DA:30,2
DA:31,5
DA:32,5
DA:33,1
DA:34,1
DA:35,5
DA:36,5
DA:37,1
DA:38,1
DA:39,5
DA:40,5
DA:41,1
DA:42,1
DA:43,5
DA:44,5
DA:45,1
DA:46,5
DA:47,1
DA:48,1
DA:49,5
DA:50,5
DA:51,1
DA:52,5
DA:53,1
DA:54,1
DA:55,5
DA:56,5
DA:57,1
DA:58,1
DA:59,5
DA:60,5
DA:61,1
DA:62,1
DA:63,5
DA:64,5
DA:65,5
DA:66,5
DA:67,5
DA:68,5
DA:69,5
DA:70,2
LF:70
LH:70
BRDA:1,0,0,2
BRDA:2,1,0,45
BRDA:25,2,0,5
BRDA:46,3,0,4
BRDA:52,4,0,4
BRDA:3,5,0,44
BRDA:3,6,0,43
BRDA:6,7,0,12
BRDA:11,8,0,12
BRDA:18,9,0,3
BRDA:19,10,0,10
BRDA:28,11,0,2
BRDA:32,12,0,1
BRDA:36,13,0,1
BRDA:40,14,0,1
BRDA:44,15,0,1
BRDA:46,16,0,1
BRDA:50,17,0,1
BRDA:52,18,0,1
BRDA:56,19,0,1
BRDA:60,20,0,1
BRF:21
BRH:21
end_of_record
